<?xml version="1.0" encoding="UTF-8"?>
<!-- Generated by org.testng.reporters.JUnitReportReporter -->
<testsuite skipped="0" hostname="LAPTOP-O92HRG1H" name="com.jep.TestExample7" tests="3" failures="0" timestamp="2022-02-20T22:57:16 IST" time="0.003" errors="0">
  <testcase name="scenario2" time="0.000" classname="com.jep.TestExample7"/>
  <system-out/>
  <testcase name="scenario1" time="0.003" classname="com.jep.TestExample7"/>
  <system-out/>
  <testcase name="scenario3" time="0.000" classname="com.jep.TestExample7"/>
  <system-out/>
</testsuite> <!-- com.jep.TestExample7 -->
